[0.006s] Invoking command in '/home/rabih/Desktop/ros2_ws/src/interfaces/build/interfaces': CMAKE_PREFIX_PATH=/home/rabih/Desktop/ros2_ws/src/install/temperature_monitor:/home/rabih/Desktop/ros2_ws/src/install/session5_academy:/opt/ros/humble /usr/bin/cmake /home/rabih/Desktop/ros2_ws/src/interfaces -DCMAKE_INSTALL_PREFIX=/home/rabih/Desktop/ros2_ws/src/interfaces/install/interfaces
[0.037s] -- The C compiler identification is GNU 11.4.0
[0.069s] -- The CXX compiler identification is GNU 11.4.0
[0.073s] -- Detecting C compiler ABI info
[0.113s] -- Detecting C compiler ABI info - done
[0.117s] -- Check for working C compiler: /usr/bin/cc - skipped
[0.118s] -- Detecting C compile features
[0.118s] -- Detecting C compile features - done
[0.120s] -- Detecting CXX compiler ABI info
[0.168s] -- Detecting CXX compiler ABI info - done
[0.173s] -- Check for working CXX compiler: /usr/bin/c++ - skipped
[0.173s] -- Detecting CXX compile features
[0.174s] -- Detecting CXX compile features - done
[0.175s] -- Found ament_cmake: 1.3.9 (/opt/ros/humble/share/ament_cmake/cmake)
[0.260s] -- Found Python3: /usr/bin/python3 (found version "3.10.12") found components: Interpreter 
[0.312s] -- Found ament_lint_auto: 0.12.11 (/opt/ros/humble/share/ament_lint_auto/cmake)
[0.361s] -- Found rosidl_default_generators: 1.2.0 (/opt/ros/humble/share/rosidl_default_generators/cmake)
[0.363s] -- Using all available rosidl_typesupport_c: rosidl_typesupport_fastrtps_c;rosidl_typesupport_introspection_c
[0.366s] -- Found rosidl_adapter: 3.1.5 (/opt/ros/humble/share/rosidl_adapter/cmake)
[0.388s] -- Using all available rosidl_typesupport_cpp: rosidl_typesupport_fastrtps_cpp;rosidl_typesupport_introspection_cpp
[0.582s] -- Found ament_cmake_ros: 0.10.0 (/opt/ros/humble/share/ament_cmake_ros/cmake)
[0.701s] -- Using all available rosidl_typesupport_c: rosidl_typesupport_fastrtps_c;rosidl_typesupport_introspection_c
[0.841s] -- Using all available rosidl_typesupport_cpp: rosidl_typesupport_fastrtps_cpp;rosidl_typesupport_introspection_cpp
[0.854s] -- Found PythonInterp: /usr/bin/python3 (found suitable version "3.10.12", minimum required is "3.6") 
[0.855s] -- Found python_cmake_module: 0.10.0 (/opt/ros/humble/share/python_cmake_module/cmake)
[0.872s] -- Found PythonLibs: /usr/lib/x86_64-linux-gnu/libpython3.10.so (found suitable version "3.10.12", minimum required is "3.5") 
[0.872s] -- Using PYTHON_EXECUTABLE: /usr/bin/python3
[0.872s] -- Using PYTHON_INCLUDE_DIRS: /usr/include/python3.10
[0.872s] -- Using PYTHON_LIBRARIES: /usr/lib/x86_64-linux-gnu/libpython3.10.so
[0.884s] -- Found PythonExtra: .so  
[0.914s] -- Added test 'cppcheck' to perform static code analysis on C / C++ code
[0.914s] -- Configured cppcheck include dirs: $<BUILD_INTERFACE:/home/rabih/Desktop/ros2_ws/src/interfaces/build/interfaces/rosidl_generator_c>;$<BUILD_INTERFACE:/home/rabih/Desktop/ros2_ws/src/interfaces/build/interfaces/rosidl_typesupport_fastrtps_c>;$<BUILD_INTERFACE:/home/rabih/Desktop/ros2_ws/src/interfaces/build/interfaces/rosidl_typesupport_introspection_c>;$<BUILD_INTERFACE:/home/rabih/Desktop/ros2_ws/src/interfaces/build/interfaces/rosidl_generator_cpp>;$<BUILD_INTERFACE:/home/rabih/Desktop/ros2_ws/src/interfaces/build/interfaces/rosidl_typesupport_fastrtps_cpp>;$<BUILD_INTERFACE:/home/rabih/Desktop/ros2_ws/src/interfaces/build/interfaces/rosidl_typesupport_introspection_cpp>;/home/rabih/Desktop/ros2_ws/src/interfaces/build/interfaces/rosidl_generator_c;/home/rabih/Desktop/ros2_ws/src/interfaces/build/interfaces/rosidl_generator_py
[0.914s] -- Configured cppcheck exclude dirs and/or files: 
[0.915s] -- Added test 'flake8' to check Python code syntax and style conventions
[0.916s] -- Added test 'lint_cmake' to check CMake code style
[0.917s] -- Added test 'pep257' to check Python code against some of the docstring style conventions in PEP 257
[0.920s] -- Added test 'uncrustify' to check C / C++ code style
[0.920s] -- Configured uncrustify additional arguments: 
[0.921s] -- Added test 'xmllint' to check XML markup files
[0.925s] -- Configuring done
[0.947s] -- Generating done
[0.949s] -- Build files have been written to: /home/rabih/Desktop/ros2_ws/src/interfaces/build/interfaces
[0.956s] Invoked command in '/home/rabih/Desktop/ros2_ws/src/interfaces/build/interfaces' returned '0': CMAKE_PREFIX_PATH=/home/rabih/Desktop/ros2_ws/src/install/temperature_monitor:/home/rabih/Desktop/ros2_ws/src/install/session5_academy:/opt/ros/humble /usr/bin/cmake /home/rabih/Desktop/ros2_ws/src/interfaces -DCMAKE_INSTALL_PREFIX=/home/rabih/Desktop/ros2_ws/src/interfaces/install/interfaces
[0.958s] Invoking command in '/home/rabih/Desktop/ros2_ws/src/interfaces/build/interfaces': CMAKE_PREFIX_PATH=/home/rabih/Desktop/ros2_ws/src/install/temperature_monitor:/home/rabih/Desktop/ros2_ws/src/install/session5_academy:/opt/ros/humble /usr/bin/cmake --build /home/rabih/Desktop/ros2_ws/src/interfaces/build/interfaces -- -j16 -l16
[0.982s] [  2%] [34m[1mGenerating C code for ROS interfaces[0m
[0.988s] [  5%] [34m[1mGenerating C++ code for ROS interfaces[0m
[0.994s] [  5%] Built target ament_cmake_python_copy_interfaces
[1.139s] running egg_info
[1.140s] creating interfaces.egg-info
[1.140s] writing interfaces.egg-info/PKG-INFO
[1.140s] writing dependency_links to interfaces.egg-info/dependency_links.txt
[1.140s] writing top-level names to interfaces.egg-info/top_level.txt
[1.140s] writing manifest file 'interfaces.egg-info/SOURCES.txt'
[1.142s] reading manifest file 'interfaces.egg-info/SOURCES.txt'
[1.142s] writing manifest file 'interfaces.egg-info/SOURCES.txt'
[1.162s] [  5%] Built target ament_cmake_python_build_interfaces_egg
[1.303s] [  7%] [32mBuilding C object CMakeFiles/interfaces__rosidl_generator_c.dir/rosidl_generator_c/interfaces/action/detail/deliver_item__functions.c.o[0m
[1.303s] [ 10%] [32mBuilding C object CMakeFiles/interfaces__rosidl_generator_c.dir/rosidl_generator_c/interfaces/srv/detail/check_stock__functions.c.o[0m
[1.304s] [ 10%] Built target interfaces__cpp
[1.311s] [ 12%] [34m[1mGenerating C++ type support dispatch for ROS interfaces[0m
[1.311s] [ 15%] [34m[1mGenerating C++ type support for eProsima Fast-RTPS[0m
[1.311s] [ 17%] [34m[1mGenerating C++ introspection for ROS interfaces[0m
[1.400s] [ 20%] [32m[1mLinking C shared library libinterfaces__rosidl_generator_c.so[0m
[1.426s] [ 20%] Built target interfaces__rosidl_generator_c
[1.435s] [ 23%] [34m[1mGenerating C type support for eProsima Fast-RTPS[0m
[1.435s] [ 25%] [34m[1mGenerating C introspection for ROS interfaces[0m
[1.435s] [ 28%] [34m[1mGenerating C type support dispatch for ROS interfaces[0m
[1.570s] [ 30%] [32mBuilding CXX object CMakeFiles/interfaces__rosidl_typesupport_cpp.dir/rosidl_typesupport_cpp/interfaces/action/deliver_item__type_support.cpp.o[0m
[1.572s] [ 33%] [32mBuilding CXX object CMakeFiles/interfaces__rosidl_typesupport_cpp.dir/rosidl_typesupport_cpp/interfaces/srv/check_stock__type_support.cpp.o[0m
[1.617s] [ 35%] [32mBuilding CXX object CMakeFiles/interfaces__rosidl_typesupport_introspection_cpp.dir/rosidl_typesupport_introspection_cpp/interfaces/action/detail/deliver_item__type_support.cpp.o[0m
[1.617s] [ 38%] [32mBuilding CXX object CMakeFiles/interfaces__rosidl_typesupport_introspection_cpp.dir/rosidl_typesupport_introspection_cpp/interfaces/srv/detail/check_stock__type_support.cpp.o[0m
[1.674s] [ 41%] [32mBuilding CXX object CMakeFiles/interfaces__rosidl_typesupport_fastrtps_cpp.dir/rosidl_typesupport_fastrtps_cpp/interfaces/action/detail/dds_fastrtps/deliver_item__type_support.cpp.o[0m
[1.676s] [ 43%] [32mBuilding CXX object CMakeFiles/interfaces__rosidl_typesupport_fastrtps_cpp.dir/rosidl_typesupport_fastrtps_cpp/interfaces/srv/detail/dds_fastrtps/check_stock__type_support.cpp.o[0m
[1.750s] [ 46%] [32mBuilding CXX object CMakeFiles/interfaces__rosidl_typesupport_c.dir/rosidl_typesupport_c/interfaces/action/deliver_item__type_support.cpp.o[0m
[1.752s] [ 48%] [32mBuilding CXX object CMakeFiles/interfaces__rosidl_typesupport_c.dir/rosidl_typesupport_c/interfaces/srv/check_stock__type_support.cpp.o[0m
[1.791s] [ 51%] [32m[1mLinking CXX shared library libinterfaces__rosidl_typesupport_c.so[0m
[1.810s] [ 53%] [32mBuilding C object CMakeFiles/interfaces__rosidl_typesupport_introspection_c.dir/rosidl_typesupport_introspection_c/interfaces/action/detail/deliver_item__type_support.c.o[0m
[1.812s] [ 56%] [32mBuilding C object CMakeFiles/interfaces__rosidl_typesupport_introspection_c.dir/rosidl_typesupport_introspection_c/interfaces/srv/detail/check_stock__type_support.c.o[0m
[1.843s] [ 58%] [32mBuilding CXX object CMakeFiles/interfaces__rosidl_typesupport_fastrtps_c.dir/rosidl_typesupport_fastrtps_c/interfaces/action/detail/deliver_item__type_support_c.cpp.o[0m
[1.843s] [ 61%] [32mBuilding CXX object CMakeFiles/interfaces__rosidl_typesupport_fastrtps_c.dir/rosidl_typesupport_fastrtps_c/interfaces/srv/detail/check_stock__type_support_c.cpp.o[0m
[1.846s] [ 61%] Built target interfaces__rosidl_typesupport_c
[1.851s] [ 64%] [32m[1mLinking C shared library libinterfaces__rosidl_typesupport_introspection_c.so[0m
[1.879s] [ 64%] Built target interfaces__rosidl_typesupport_introspection_c
[1.971s] [ 66%] [32m[1mLinking CXX shared library libinterfaces__rosidl_typesupport_cpp.so[0m
[2.005s] [ 66%] Built target interfaces__rosidl_typesupport_cpp
[2.092s] [ 69%] [32m[1mLinking CXX shared library libinterfaces__rosidl_typesupport_introspection_cpp.so[0m
[2.140s] [ 69%] Built target interfaces__rosidl_typesupport_introspection_cpp
[2.142s] [ 71%] [32m[1mLinking CXX shared library libinterfaces__rosidl_typesupport_fastrtps_c.so[0m
[2.157s] [ 74%] [32m[1mLinking CXX shared library libinterfaces__rosidl_typesupport_fastrtps_cpp.so[0m
[2.187s] [ 74%] Built target interfaces__rosidl_typesupport_fastrtps_c
[2.202s] [ 74%] Built target interfaces__rosidl_typesupport_fastrtps_cpp
[2.212s] [ 74%] Built target interfaces
[2.223s] [ 76%] [34m[1mGenerating Python code for ROS interfaces[0m
[2.680s] [ 76%] Built target interfaces__py
[2.691s] [ 79%] [32mBuilding C object CMakeFiles/interfaces__rosidl_generator_py.dir/rosidl_generator_py/interfaces/action/_deliver_item_s.c.o[0m
[2.692s] [ 82%] [32mBuilding C object CMakeFiles/interfaces__rosidl_generator_py.dir/rosidl_generator_py/interfaces/srv/_check_stock_s.c.o[0m
[2.787s] [ 84%] [32m[1mLinking C shared library rosidl_generator_py/interfaces/libinterfaces__rosidl_generator_py.so[0m
[2.816s] [ 84%] Built target interfaces__rosidl_generator_py
[2.829s] [ 89%] [32mBuilding C object CMakeFiles/interfaces__rosidl_typesupport_introspection_c__pyext.dir/rosidl_generator_py/interfaces/_interfaces_s.ep.rosidl_typesupport_introspection_c.c.o[0m
[2.829s] [ 87%] [32mBuilding C object CMakeFiles/interfaces__rosidl_typesupport_fastrtps_c__pyext.dir/rosidl_generator_py/interfaces/_interfaces_s.ep.rosidl_typesupport_fastrtps_c.c.o[0m
[2.829s] [ 92%] [32mBuilding C object CMakeFiles/interfaces__rosidl_typesupport_c__pyext.dir/rosidl_generator_py/interfaces/_interfaces_s.ep.rosidl_typesupport_c.c.o[0m
[2.906s] [100%] [32m[1mLinking C shared library rosidl_generator_py/interfaces/interfaces_s__rosidl_typesupport_c.cpython-310-x86_64-linux-gnu.so[0m
[2.906s] [100%] [32m[1mLinking C shared library rosidl_generator_py/interfaces/interfaces_s__rosidl_typesupport_introspection_c.cpython-310-x86_64-linux-gnu.so[0m
[2.906s] [100%] [32m[1mLinking C shared library rosidl_generator_py/interfaces/interfaces_s__rosidl_typesupport_fastrtps_c.cpython-310-x86_64-linux-gnu.so[0m
[2.935s] [100%] Built target interfaces__rosidl_typesupport_introspection_c__pyext
[2.935s] [100%] Built target interfaces__rosidl_typesupport_fastrtps_c__pyext
[2.935s] [100%] Built target interfaces__rosidl_typesupport_c__pyext
[2.943s] Invoked command in '/home/rabih/Desktop/ros2_ws/src/interfaces/build/interfaces' returned '0': CMAKE_PREFIX_PATH=/home/rabih/Desktop/ros2_ws/src/install/temperature_monitor:/home/rabih/Desktop/ros2_ws/src/install/session5_academy:/opt/ros/humble /usr/bin/cmake --build /home/rabih/Desktop/ros2_ws/src/interfaces/build/interfaces -- -j16 -l16
[2.995s] Invoking command in '/home/rabih/Desktop/ros2_ws/src/interfaces/build/interfaces': CMAKE_PREFIX_PATH=/home/rabih/Desktop/ros2_ws/src/install/temperature_monitor:/home/rabih/Desktop/ros2_ws/src/install/session5_academy:/opt/ros/humble /usr/bin/cmake --install /home/rabih/Desktop/ros2_ws/src/interfaces/build/interfaces
[3.001s] -- Install configuration: ""
[3.001s] -- Installing: /home/rabih/Desktop/ros2_ws/src/interfaces/install/interfaces/share/ament_index/resource_index/rosidl_interfaces/interfaces
[3.001s] -- Installing: /home/rabih/Desktop/ros2_ws/src/interfaces/install/interfaces/include/interfaces/interfaces
[3.001s] -- Installing: /home/rabih/Desktop/ros2_ws/src/interfaces/install/interfaces/include/interfaces/interfaces/srv
[3.002s] -- Installing: /home/rabih/Desktop/ros2_ws/src/interfaces/install/interfaces/include/interfaces/interfaces/srv/check_stock.h
[3.002s] -- Installing: /home/rabih/Desktop/ros2_ws/src/interfaces/install/interfaces/include/interfaces/interfaces/srv/detail
[3.002s] -- Installing: /home/rabih/Desktop/ros2_ws/src/interfaces/install/interfaces/include/interfaces/interfaces/srv/detail/check_stock__functions.h
[3.002s] -- Installing: /home/rabih/Desktop/ros2_ws/src/interfaces/install/interfaces/include/interfaces/interfaces/srv/detail/check_stock__struct.h
[3.002s] -- Installing: /home/rabih/Desktop/ros2_ws/src/interfaces/install/interfaces/include/interfaces/interfaces/srv/detail/check_stock__type_support.h
[3.002s] -- Installing: /home/rabih/Desktop/ros2_ws/src/interfaces/install/interfaces/include/interfaces/interfaces/srv/detail/check_stock__functions.c
[3.002s] -- Installing: /home/rabih/Desktop/ros2_ws/src/interfaces/install/interfaces/include/interfaces/interfaces/action
[3.002s] -- Installing: /home/rabih/Desktop/ros2_ws/src/interfaces/install/interfaces/include/interfaces/interfaces/action/deliver_item.h
[3.002s] -- Installing: /home/rabih/Desktop/ros2_ws/src/interfaces/install/interfaces/include/interfaces/interfaces/action/detail
[3.002s] -- Installing: /home/rabih/Desktop/ros2_ws/src/interfaces/install/interfaces/include/interfaces/interfaces/action/detail/deliver_item__functions.c
[3.002s] -- Installing: /home/rabih/Desktop/ros2_ws/src/interfaces/install/interfaces/include/interfaces/interfaces/action/detail/deliver_item__struct.h
[3.002s] -- Installing: /home/rabih/Desktop/ros2_ws/src/interfaces/install/interfaces/include/interfaces/interfaces/action/detail/deliver_item__functions.h
[3.002s] -- Installing: /home/rabih/Desktop/ros2_ws/src/interfaces/install/interfaces/include/interfaces/interfaces/action/detail/deliver_item__type_support.h
[3.002s] -- Installing: /home/rabih/Desktop/ros2_ws/src/interfaces/install/interfaces/include/interfaces/interfaces/msg
[3.002s] -- Installing: /home/rabih/Desktop/ros2_ws/src/interfaces/install/interfaces/include/interfaces/interfaces/msg/rosidl_generator_c__visibility_control.h
[3.003s] -- Installing: /home/rabih/Desktop/ros2_ws/src/interfaces/install/interfaces/share/interfaces/environment/library_path.sh
[3.003s] -- Installing: /home/rabih/Desktop/ros2_ws/src/interfaces/install/interfaces/share/interfaces/environment/library_path.dsv
[3.003s] -- Installing: /home/rabih/Desktop/ros2_ws/src/interfaces/install/interfaces/lib/libinterfaces__rosidl_generator_c.so
[3.003s] -- Set runtime path of "/home/rabih/Desktop/ros2_ws/src/interfaces/install/interfaces/lib/libinterfaces__rosidl_generator_c.so" to ""
[3.003s] -- Up-to-date: /home/rabih/Desktop/ros2_ws/src/interfaces/install/interfaces/include/interfaces/interfaces
[3.003s] -- Up-to-date: /home/rabih/Desktop/ros2_ws/src/interfaces/install/interfaces/include/interfaces/interfaces/srv
[3.003s] -- Up-to-date: /home/rabih/Desktop/ros2_ws/src/interfaces/install/interfaces/include/interfaces/interfaces/srv/detail
[3.003s] -- Installing: /home/rabih/Desktop/ros2_ws/src/interfaces/install/interfaces/include/interfaces/interfaces/srv/detail/check_stock__rosidl_typesupport_fastrtps_c.h
[3.003s] -- Up-to-date: /home/rabih/Desktop/ros2_ws/src/interfaces/install/interfaces/include/interfaces/interfaces/action
[3.003s] -- Up-to-date: /home/rabih/Desktop/ros2_ws/src/interfaces/install/interfaces/include/interfaces/interfaces/action/detail
[3.004s] -- Installing: /home/rabih/Desktop/ros2_ws/src/interfaces/install/interfaces/include/interfaces/interfaces/action/detail/deliver_item__rosidl_typesupport_fastrtps_c.h
[3.004s] -- Up-to-date: /home/rabih/Desktop/ros2_ws/src/interfaces/install/interfaces/include/interfaces/interfaces/msg
[3.004s] -- Installing: /home/rabih/Desktop/ros2_ws/src/interfaces/install/interfaces/include/interfaces/interfaces/msg/rosidl_typesupport_fastrtps_c__visibility_control.h
[3.004s] -- Installing: /home/rabih/Desktop/ros2_ws/src/interfaces/install/interfaces/lib/libinterfaces__rosidl_typesupport_fastrtps_c.so
[3.004s] -- Set runtime path of "/home/rabih/Desktop/ros2_ws/src/interfaces/install/interfaces/lib/libinterfaces__rosidl_typesupport_fastrtps_c.so" to ""
[3.004s] -- Up-to-date: /home/rabih/Desktop/ros2_ws/src/interfaces/install/interfaces/include/interfaces/interfaces
[3.004s] -- Up-to-date: /home/rabih/Desktop/ros2_ws/src/interfaces/install/interfaces/include/interfaces/interfaces/srv
[3.004s] -- Up-to-date: /home/rabih/Desktop/ros2_ws/src/interfaces/install/interfaces/include/interfaces/interfaces/srv/detail
[3.004s] -- Installing: /home/rabih/Desktop/ros2_ws/src/interfaces/install/interfaces/include/interfaces/interfaces/srv/detail/check_stock__rosidl_typesupport_introspection_c.h
[3.004s] -- Installing: /home/rabih/Desktop/ros2_ws/src/interfaces/install/interfaces/include/interfaces/interfaces/srv/detail/check_stock__type_support.c
[3.004s] -- Up-to-date: /home/rabih/Desktop/ros2_ws/src/interfaces/install/interfaces/include/interfaces/interfaces/action
[3.004s] -- Up-to-date: /home/rabih/Desktop/ros2_ws/src/interfaces/install/interfaces/include/interfaces/interfaces/action/detail
[3.004s] -- Installing: /home/rabih/Desktop/ros2_ws/src/interfaces/install/interfaces/include/interfaces/interfaces/action/detail/deliver_item__rosidl_typesupport_introspection_c.h
[3.004s] -- Installing: /home/rabih/Desktop/ros2_ws/src/interfaces/install/interfaces/include/interfaces/interfaces/action/detail/deliver_item__type_support.c
[3.005s] -- Up-to-date: /home/rabih/Desktop/ros2_ws/src/interfaces/install/interfaces/include/interfaces/interfaces/msg
[3.005s] -- Installing: /home/rabih/Desktop/ros2_ws/src/interfaces/install/interfaces/include/interfaces/interfaces/msg/rosidl_typesupport_introspection_c__visibility_control.h
[3.005s] -- Installing: /home/rabih/Desktop/ros2_ws/src/interfaces/install/interfaces/lib/libinterfaces__rosidl_typesupport_introspection_c.so
[3.005s] -- Set runtime path of "/home/rabih/Desktop/ros2_ws/src/interfaces/install/interfaces/lib/libinterfaces__rosidl_typesupport_introspection_c.so" to ""
[3.005s] -- Installing: /home/rabih/Desktop/ros2_ws/src/interfaces/install/interfaces/lib/libinterfaces__rosidl_typesupport_c.so
[3.005s] -- Set runtime path of "/home/rabih/Desktop/ros2_ws/src/interfaces/install/interfaces/lib/libinterfaces__rosidl_typesupport_c.so" to ""
[3.005s] -- Up-to-date: /home/rabih/Desktop/ros2_ws/src/interfaces/install/interfaces/include/interfaces/interfaces
[3.005s] -- Up-to-date: /home/rabih/Desktop/ros2_ws/src/interfaces/install/interfaces/include/interfaces/interfaces/srv
[3.005s] -- Installing: /home/rabih/Desktop/ros2_ws/src/interfaces/install/interfaces/include/interfaces/interfaces/srv/check_stock.hpp
[3.005s] -- Up-to-date: /home/rabih/Desktop/ros2_ws/src/interfaces/install/interfaces/include/interfaces/interfaces/srv/detail
[3.005s] -- Installing: /home/rabih/Desktop/ros2_ws/src/interfaces/install/interfaces/include/interfaces/interfaces/srv/detail/check_stock__traits.hpp
[3.006s] -- Installing: /home/rabih/Desktop/ros2_ws/src/interfaces/install/interfaces/include/interfaces/interfaces/srv/detail/check_stock__struct.hpp
[3.006s] -- Installing: /home/rabih/Desktop/ros2_ws/src/interfaces/install/interfaces/include/interfaces/interfaces/srv/detail/check_stock__builder.hpp
[3.006s] -- Up-to-date: /home/rabih/Desktop/ros2_ws/src/interfaces/install/interfaces/include/interfaces/interfaces/action
[3.006s] -- Up-to-date: /home/rabih/Desktop/ros2_ws/src/interfaces/install/interfaces/include/interfaces/interfaces/action/detail
[3.006s] -- Installing: /home/rabih/Desktop/ros2_ws/src/interfaces/install/interfaces/include/interfaces/interfaces/action/detail/deliver_item__traits.hpp
[3.006s] -- Installing: /home/rabih/Desktop/ros2_ws/src/interfaces/install/interfaces/include/interfaces/interfaces/action/detail/deliver_item__builder.hpp
[3.006s] -- Installing: /home/rabih/Desktop/ros2_ws/src/interfaces/install/interfaces/include/interfaces/interfaces/action/detail/deliver_item__struct.hpp
[3.006s] -- Installing: /home/rabih/Desktop/ros2_ws/src/interfaces/install/interfaces/include/interfaces/interfaces/action/deliver_item.hpp
[3.006s] -- Up-to-date: /home/rabih/Desktop/ros2_ws/src/interfaces/install/interfaces/include/interfaces/interfaces
[3.006s] -- Up-to-date: /home/rabih/Desktop/ros2_ws/src/interfaces/install/interfaces/include/interfaces/interfaces/srv
[3.006s] -- Up-to-date: /home/rabih/Desktop/ros2_ws/src/interfaces/install/interfaces/include/interfaces/interfaces/srv/detail
[3.006s] -- Installing: /home/rabih/Desktop/ros2_ws/src/interfaces/install/interfaces/include/interfaces/interfaces/srv/detail/check_stock__rosidl_typesupport_fastrtps_cpp.hpp
[3.006s] -- Installing: /home/rabih/Desktop/ros2_ws/src/interfaces/install/interfaces/include/interfaces/interfaces/srv/detail/dds_fastrtps
[3.006s] -- Up-to-date: /home/rabih/Desktop/ros2_ws/src/interfaces/install/interfaces/include/interfaces/interfaces/action
[3.006s] -- Up-to-date: /home/rabih/Desktop/ros2_ws/src/interfaces/install/interfaces/include/interfaces/interfaces/action/detail
[3.006s] -- Installing: /home/rabih/Desktop/ros2_ws/src/interfaces/install/interfaces/include/interfaces/interfaces/action/detail/deliver_item__rosidl_typesupport_fastrtps_cpp.hpp
[3.007s] -- Installing: /home/rabih/Desktop/ros2_ws/src/interfaces/install/interfaces/include/interfaces/interfaces/action/detail/dds_fastrtps
[3.007s] -- Up-to-date: /home/rabih/Desktop/ros2_ws/src/interfaces/install/interfaces/include/interfaces/interfaces/msg
[3.007s] -- Installing: /home/rabih/Desktop/ros2_ws/src/interfaces/install/interfaces/include/interfaces/interfaces/msg/rosidl_typesupport_fastrtps_cpp__visibility_control.h
[3.007s] -- Installing: /home/rabih/Desktop/ros2_ws/src/interfaces/install/interfaces/lib/libinterfaces__rosidl_typesupport_fastrtps_cpp.so
[3.007s] -- Set runtime path of "/home/rabih/Desktop/ros2_ws/src/interfaces/install/interfaces/lib/libinterfaces__rosidl_typesupport_fastrtps_cpp.so" to ""
[3.007s] -- Up-to-date: /home/rabih/Desktop/ros2_ws/src/interfaces/install/interfaces/include/interfaces/interfaces
[3.007s] -- Up-to-date: /home/rabih/Desktop/ros2_ws/src/interfaces/install/interfaces/include/interfaces/interfaces/srv
[3.007s] -- Up-to-date: /home/rabih/Desktop/ros2_ws/src/interfaces/install/interfaces/include/interfaces/interfaces/srv/detail
[3.007s] -- Installing: /home/rabih/Desktop/ros2_ws/src/interfaces/install/interfaces/include/interfaces/interfaces/srv/detail/check_stock__rosidl_typesupport_introspection_cpp.hpp
[3.007s] -- Installing: /home/rabih/Desktop/ros2_ws/src/interfaces/install/interfaces/include/interfaces/interfaces/srv/detail/check_stock__type_support.cpp
[3.007s] -- Up-to-date: /home/rabih/Desktop/ros2_ws/src/interfaces/install/interfaces/include/interfaces/interfaces/action
[3.007s] -- Up-to-date: /home/rabih/Desktop/ros2_ws/src/interfaces/install/interfaces/include/interfaces/interfaces/action/detail
[3.007s] -- Installing: /home/rabih/Desktop/ros2_ws/src/interfaces/install/interfaces/include/interfaces/interfaces/action/detail/deliver_item__type_support.cpp
[3.007s] -- Installing: /home/rabih/Desktop/ros2_ws/src/interfaces/install/interfaces/include/interfaces/interfaces/action/detail/deliver_item__rosidl_typesupport_introspection_cpp.hpp
[3.007s] -- Installing: /home/rabih/Desktop/ros2_ws/src/interfaces/install/interfaces/lib/libinterfaces__rosidl_typesupport_introspection_cpp.so
[3.008s] -- Set runtime path of "/home/rabih/Desktop/ros2_ws/src/interfaces/install/interfaces/lib/libinterfaces__rosidl_typesupport_introspection_cpp.so" to ""
[3.008s] -- Installing: /home/rabih/Desktop/ros2_ws/src/interfaces/install/interfaces/lib/libinterfaces__rosidl_typesupport_cpp.so
[3.008s] -- Set runtime path of "/home/rabih/Desktop/ros2_ws/src/interfaces/install/interfaces/lib/libinterfaces__rosidl_typesupport_cpp.so" to ""
[3.008s] -- Installing: /home/rabih/Desktop/ros2_ws/src/interfaces/install/interfaces/share/interfaces/environment/pythonpath.sh
[3.008s] -- Installing: /home/rabih/Desktop/ros2_ws/src/interfaces/install/interfaces/share/interfaces/environment/pythonpath.dsv
[3.008s] -- Installing: /home/rabih/Desktop/ros2_ws/src/interfaces/install/interfaces/local/lib/python3.10/dist-packages/interfaces-0.0.0-py3.10.egg-info
[3.008s] -- Installing: /home/rabih/Desktop/ros2_ws/src/interfaces/install/interfaces/local/lib/python3.10/dist-packages/interfaces-0.0.0-py3.10.egg-info/dependency_links.txt
[3.008s] -- Installing: /home/rabih/Desktop/ros2_ws/src/interfaces/install/interfaces/local/lib/python3.10/dist-packages/interfaces-0.0.0-py3.10.egg-info/PKG-INFO
[3.008s] -- Installing: /home/rabih/Desktop/ros2_ws/src/interfaces/install/interfaces/local/lib/python3.10/dist-packages/interfaces-0.0.0-py3.10.egg-info/top_level.txt
[3.008s] -- Installing: /home/rabih/Desktop/ros2_ws/src/interfaces/install/interfaces/local/lib/python3.10/dist-packages/interfaces-0.0.0-py3.10.egg-info/SOURCES.txt
[3.008s] -- Installing: /home/rabih/Desktop/ros2_ws/src/interfaces/install/interfaces/local/lib/python3.10/dist-packages/interfaces
[3.008s] -- Installing: /home/rabih/Desktop/ros2_ws/src/interfaces/install/interfaces/local/lib/python3.10/dist-packages/interfaces/_interfaces_s.ep.rosidl_typesupport_c.c
[3.008s] -- Installing: /home/rabih/Desktop/ros2_ws/src/interfaces/install/interfaces/local/lib/python3.10/dist-packages/interfaces/_interfaces_s.ep.rosidl_typesupport_fastrtps_c.c
[3.008s] -- Installing: /home/rabih/Desktop/ros2_ws/src/interfaces/install/interfaces/local/lib/python3.10/dist-packages/interfaces/interfaces_s__rosidl_typesupport_fastrtps_c.cpython-310-x86_64-linux-gnu.so
[3.009s] -- Installing: /home/rabih/Desktop/ros2_ws/src/interfaces/install/interfaces/local/lib/python3.10/dist-packages/interfaces/interfaces_s__rosidl_typesupport_introspection_c.cpython-310-x86_64-linux-gnu.so
[3.009s] -- Installing: /home/rabih/Desktop/ros2_ws/src/interfaces/install/interfaces/local/lib/python3.10/dist-packages/interfaces/srv
[3.009s] -- Installing: /home/rabih/Desktop/ros2_ws/src/interfaces/install/interfaces/local/lib/python3.10/dist-packages/interfaces/srv/_check_stock_s.c
[3.009s] -- Installing: /home/rabih/Desktop/ros2_ws/src/interfaces/install/interfaces/local/lib/python3.10/dist-packages/interfaces/srv/__init__.py
[3.009s] -- Installing: /home/rabih/Desktop/ros2_ws/src/interfaces/install/interfaces/local/lib/python3.10/dist-packages/interfaces/srv/_check_stock.py
[3.009s] -- Installing: /home/rabih/Desktop/ros2_ws/src/interfaces/install/interfaces/local/lib/python3.10/dist-packages/interfaces/interfaces_s__rosidl_typesupport_c.cpython-310-x86_64-linux-gnu.so
[3.009s] -- Installing: /home/rabih/Desktop/ros2_ws/src/interfaces/install/interfaces/local/lib/python3.10/dist-packages/interfaces/_interfaces_s.ep.rosidl_typesupport_introspection_c.c
[3.009s] -- Installing: /home/rabih/Desktop/ros2_ws/src/interfaces/install/interfaces/local/lib/python3.10/dist-packages/interfaces/__init__.py
[3.009s] -- Installing: /home/rabih/Desktop/ros2_ws/src/interfaces/install/interfaces/local/lib/python3.10/dist-packages/interfaces/action
[3.009s] -- Installing: /home/rabih/Desktop/ros2_ws/src/interfaces/install/interfaces/local/lib/python3.10/dist-packages/interfaces/action/_deliver_item_s.c
[3.009s] -- Installing: /home/rabih/Desktop/ros2_ws/src/interfaces/install/interfaces/local/lib/python3.10/dist-packages/interfaces/action/__init__.py
[3.009s] -- Installing: /home/rabih/Desktop/ros2_ws/src/interfaces/install/interfaces/local/lib/python3.10/dist-packages/interfaces/action/_deliver_item.py
[3.009s] -- Installing: /home/rabih/Desktop/ros2_ws/src/interfaces/install/interfaces/local/lib/python3.10/dist-packages/interfaces/libinterfaces__rosidl_generator_py.so
[3.034s] Listing '/home/rabih/Desktop/ros2_ws/src/interfaces/install/interfaces/local/lib/python3.10/dist-packages/interfaces'...
[3.034s] Compiling '/home/rabih/Desktop/ros2_ws/src/interfaces/install/interfaces/local/lib/python3.10/dist-packages/interfaces/__init__.py'...
[3.034s] Listing '/home/rabih/Desktop/ros2_ws/src/interfaces/install/interfaces/local/lib/python3.10/dist-packages/interfaces/action'...
[3.034s] Compiling '/home/rabih/Desktop/ros2_ws/src/interfaces/install/interfaces/local/lib/python3.10/dist-packages/interfaces/action/__init__.py'...
[3.034s] Compiling '/home/rabih/Desktop/ros2_ws/src/interfaces/install/interfaces/local/lib/python3.10/dist-packages/interfaces/action/_deliver_item.py'...
[3.034s] Listing '/home/rabih/Desktop/ros2_ws/src/interfaces/install/interfaces/local/lib/python3.10/dist-packages/interfaces/srv'...
[3.034s] Compiling '/home/rabih/Desktop/ros2_ws/src/interfaces/install/interfaces/local/lib/python3.10/dist-packages/interfaces/srv/__init__.py'...
[3.034s] Compiling '/home/rabih/Desktop/ros2_ws/src/interfaces/install/interfaces/local/lib/python3.10/dist-packages/interfaces/srv/_check_stock.py'...
[3.037s] -- Installing: /home/rabih/Desktop/ros2_ws/src/interfaces/install/interfaces/local/lib/python3.10/dist-packages/interfaces/interfaces_s__rosidl_typesupport_fastrtps_c.cpython-310-x86_64-linux-gnu.so
[3.037s] -- Set runtime path of "/home/rabih/Desktop/ros2_ws/src/interfaces/install/interfaces/local/lib/python3.10/dist-packages/interfaces/interfaces_s__rosidl_typesupport_fastrtps_c.cpython-310-x86_64-linux-gnu.so" to ""
[3.038s] -- Installing: /home/rabih/Desktop/ros2_ws/src/interfaces/install/interfaces/local/lib/python3.10/dist-packages/interfaces/interfaces_s__rosidl_typesupport_introspection_c.cpython-310-x86_64-linux-gnu.so
[3.038s] -- Set runtime path of "/home/rabih/Desktop/ros2_ws/src/interfaces/install/interfaces/local/lib/python3.10/dist-packages/interfaces/interfaces_s__rosidl_typesupport_introspection_c.cpython-310-x86_64-linux-gnu.so" to ""
[3.038s] -- Installing: /home/rabih/Desktop/ros2_ws/src/interfaces/install/interfaces/local/lib/python3.10/dist-packages/interfaces/interfaces_s__rosidl_typesupport_c.cpython-310-x86_64-linux-gnu.so
[3.038s] -- Set runtime path of "/home/rabih/Desktop/ros2_ws/src/interfaces/install/interfaces/local/lib/python3.10/dist-packages/interfaces/interfaces_s__rosidl_typesupport_c.cpython-310-x86_64-linux-gnu.so" to ""
[3.038s] -- Installing: /home/rabih/Desktop/ros2_ws/src/interfaces/install/interfaces/lib/libinterfaces__rosidl_generator_py.so
[3.038s] -- Set runtime path of "/home/rabih/Desktop/ros2_ws/src/interfaces/install/interfaces/lib/libinterfaces__rosidl_generator_py.so" to ""
[3.038s] -- Installing: /home/rabih/Desktop/ros2_ws/src/interfaces/install/interfaces/share/interfaces/action/DeliverItem.idl
[3.038s] -- Installing: /home/rabih/Desktop/ros2_ws/src/interfaces/install/interfaces/share/interfaces/srv/CheckStock.idl
[3.038s] -- Installing: /home/rabih/Desktop/ros2_ws/src/interfaces/install/interfaces/share/interfaces/action/DeliverItem.action
[3.038s] -- Installing: /home/rabih/Desktop/ros2_ws/src/interfaces/install/interfaces/share/interfaces/srv/CheckStock.srv
[3.038s] -- Installing: /home/rabih/Desktop/ros2_ws/src/interfaces/install/interfaces/share/interfaces/srv/CheckStock_Request.msg
[3.038s] -- Installing: /home/rabih/Desktop/ros2_ws/src/interfaces/install/interfaces/share/interfaces/srv/CheckStock_Response.msg
[3.038s] -- Installing: /home/rabih/Desktop/ros2_ws/src/interfaces/install/interfaces/share/ament_index/resource_index/package_run_dependencies/interfaces
[3.038s] -- Installing: /home/rabih/Desktop/ros2_ws/src/interfaces/install/interfaces/share/ament_index/resource_index/parent_prefix_path/interfaces
[3.038s] -- Installing: /home/rabih/Desktop/ros2_ws/src/interfaces/install/interfaces/share/interfaces/environment/ament_prefix_path.sh
[3.038s] -- Installing: /home/rabih/Desktop/ros2_ws/src/interfaces/install/interfaces/share/interfaces/environment/ament_prefix_path.dsv
[3.039s] -- Installing: /home/rabih/Desktop/ros2_ws/src/interfaces/install/interfaces/share/interfaces/environment/path.sh
[3.039s] -- Installing: /home/rabih/Desktop/ros2_ws/src/interfaces/install/interfaces/share/interfaces/environment/path.dsv
[3.039s] -- Installing: /home/rabih/Desktop/ros2_ws/src/interfaces/install/interfaces/share/interfaces/local_setup.bash
[3.039s] -- Installing: /home/rabih/Desktop/ros2_ws/src/interfaces/install/interfaces/share/interfaces/local_setup.sh
[3.039s] -- Installing: /home/rabih/Desktop/ros2_ws/src/interfaces/install/interfaces/share/interfaces/local_setup.zsh
[3.039s] -- Installing: /home/rabih/Desktop/ros2_ws/src/interfaces/install/interfaces/share/interfaces/local_setup.dsv
[3.039s] -- Installing: /home/rabih/Desktop/ros2_ws/src/interfaces/install/interfaces/share/interfaces/package.dsv
[3.039s] -- Installing: /home/rabih/Desktop/ros2_ws/src/interfaces/install/interfaces/share/ament_index/resource_index/packages/interfaces
[3.039s] -- Installing: /home/rabih/Desktop/ros2_ws/src/interfaces/install/interfaces/share/interfaces/cmake/export_interfaces__rosidl_generator_cExport.cmake
[3.039s] -- Installing: /home/rabih/Desktop/ros2_ws/src/interfaces/install/interfaces/share/interfaces/cmake/export_interfaces__rosidl_generator_cExport-noconfig.cmake
[3.039s] -- Installing: /home/rabih/Desktop/ros2_ws/src/interfaces/install/interfaces/share/interfaces/cmake/export_interfaces__rosidl_typesupport_fastrtps_cExport.cmake
[3.039s] -- Installing: /home/rabih/Desktop/ros2_ws/src/interfaces/install/interfaces/share/interfaces/cmake/export_interfaces__rosidl_typesupport_fastrtps_cExport-noconfig.cmake
[3.039s] -- Installing: /home/rabih/Desktop/ros2_ws/src/interfaces/install/interfaces/share/interfaces/cmake/interfaces__rosidl_typesupport_introspection_cExport.cmake
[3.039s] -- Installing: /home/rabih/Desktop/ros2_ws/src/interfaces/install/interfaces/share/interfaces/cmake/interfaces__rosidl_typesupport_introspection_cExport-noconfig.cmake
[3.039s] -- Installing: /home/rabih/Desktop/ros2_ws/src/interfaces/install/interfaces/share/interfaces/cmake/interfaces__rosidl_typesupport_cExport.cmake
[3.039s] -- Installing: /home/rabih/Desktop/ros2_ws/src/interfaces/install/interfaces/share/interfaces/cmake/interfaces__rosidl_typesupport_cExport-noconfig.cmake
[3.040s] -- Installing: /home/rabih/Desktop/ros2_ws/src/interfaces/install/interfaces/share/interfaces/cmake/export_interfaces__rosidl_generator_cppExport.cmake
[3.040s] -- Installing: /home/rabih/Desktop/ros2_ws/src/interfaces/install/interfaces/share/interfaces/cmake/export_interfaces__rosidl_typesupport_fastrtps_cppExport.cmake
[3.040s] -- Installing: /home/rabih/Desktop/ros2_ws/src/interfaces/install/interfaces/share/interfaces/cmake/export_interfaces__rosidl_typesupport_fastrtps_cppExport-noconfig.cmake
[3.040s] -- Installing: /home/rabih/Desktop/ros2_ws/src/interfaces/install/interfaces/share/interfaces/cmake/interfaces__rosidl_typesupport_introspection_cppExport.cmake
[3.040s] -- Installing: /home/rabih/Desktop/ros2_ws/src/interfaces/install/interfaces/share/interfaces/cmake/interfaces__rosidl_typesupport_introspection_cppExport-noconfig.cmake
[3.040s] -- Installing: /home/rabih/Desktop/ros2_ws/src/interfaces/install/interfaces/share/interfaces/cmake/interfaces__rosidl_typesupport_cppExport.cmake
[3.040s] -- Installing: /home/rabih/Desktop/ros2_ws/src/interfaces/install/interfaces/share/interfaces/cmake/interfaces__rosidl_typesupport_cppExport-noconfig.cmake
[3.040s] -- Installing: /home/rabih/Desktop/ros2_ws/src/interfaces/install/interfaces/share/interfaces/cmake/export_interfaces__rosidl_generator_pyExport.cmake
[3.040s] -- Installing: /home/rabih/Desktop/ros2_ws/src/interfaces/install/interfaces/share/interfaces/cmake/export_interfaces__rosidl_generator_pyExport-noconfig.cmake
[3.040s] -- Installing: /home/rabih/Desktop/ros2_ws/src/interfaces/install/interfaces/share/interfaces/cmake/rosidl_cmake-extras.cmake
[3.040s] -- Installing: /home/rabih/Desktop/ros2_ws/src/interfaces/install/interfaces/share/interfaces/cmake/ament_cmake_export_dependencies-extras.cmake
[3.040s] -- Installing: /home/rabih/Desktop/ros2_ws/src/interfaces/install/interfaces/share/interfaces/cmake/ament_cmake_export_include_directories-extras.cmake
[3.040s] -- Installing: /home/rabih/Desktop/ros2_ws/src/interfaces/install/interfaces/share/interfaces/cmake/ament_cmake_export_libraries-extras.cmake
[3.040s] -- Installing: /home/rabih/Desktop/ros2_ws/src/interfaces/install/interfaces/share/interfaces/cmake/ament_cmake_export_targets-extras.cmake
[3.041s] -- Installing: /home/rabih/Desktop/ros2_ws/src/interfaces/install/interfaces/share/interfaces/cmake/rosidl_cmake_export_typesupport_targets-extras.cmake
[3.041s] -- Installing: /home/rabih/Desktop/ros2_ws/src/interfaces/install/interfaces/share/interfaces/cmake/rosidl_cmake_export_typesupport_libraries-extras.cmake
[3.041s] -- Installing: /home/rabih/Desktop/ros2_ws/src/interfaces/install/interfaces/share/interfaces/cmake/interfacesConfig.cmake
[3.041s] -- Installing: /home/rabih/Desktop/ros2_ws/src/interfaces/install/interfaces/share/interfaces/cmake/interfacesConfig-version.cmake
[3.041s] -- Installing: /home/rabih/Desktop/ros2_ws/src/interfaces/install/interfaces/share/interfaces/package.xml
[3.042s] Invoked command in '/home/rabih/Desktop/ros2_ws/src/interfaces/build/interfaces' returned '0': CMAKE_PREFIX_PATH=/home/rabih/Desktop/ros2_ws/src/install/temperature_monitor:/home/rabih/Desktop/ros2_ws/src/install/session5_academy:/opt/ros/humble /usr/bin/cmake --install /home/rabih/Desktop/ros2_ws/src/interfaces/build/interfaces
